<?xml version="1.0" encoding="UTF-8"?>
<!-- Generated by org.testng.reporters.JUnitXMLReporter -->
<testsuite hostname="ALPA0003.local" name="testngTest" tests="3" failures="0" timestamp="10 Feb 2018 08:46:26 GMT" time="0.029" errors="0">
  <testcase name="testPositiveScenario" time="0.007" classname="com.qait.math.TestAdd"/>
  <testcase name="testPositiveScenario" time="0.0" classname="com.qait.math.TestAdd"/>
  <testcase name="testPositiveScenario" time="0.0" classname="com.qait.math.TestAdd"/>
</testsuite> <!-- testngTest -->
