<?xml version="1.0" encoding="UTF-8"?>
<!-- Generated by org.testng.reporters.JUnitXMLReporter -->
<testsuite hostname="ALPA0003.local" name="Command line test" tests="3" failures="1" timestamp="10 Feb 2018 09:07:31 GMT" time="0.035" errors="0">
  <testcase name="testPositiveScenario" time="0.008" classname="com.qait.math.TestAdd"/>
  <testcase name="testPositiveScenario" time="0.001" classname="com.qait.math.TestAdd"/>
  <testcase name="testPositiveScenario" time="0.0" classname="com.qait.math.TestAdd">
    <failure type="com.qait.math.InputNotANumberException" message="The number entered can only be a number">
      <![CDATA[com.qait.math.InputNotANumberException: The number entered can only be a number
	at com.qait.math.Math.add(Math.java:20)
	at com.qait.math.TestAdd.testPositiveScenario(TestAdd.java:13)
	at org.apache.maven.surefire.testng.TestNGExecutor.run(TestNGExecutor.java:77)
	at org.apache.maven.surefire.testng.TestNGDirectoryTestSuite.execute(TestNGDirectoryTestSuite.java:110)
	at org.apache.maven.surefire.testng.TestNGProvider.invoke(TestNGProvider.java:106)
	at org.apache.maven.surefire.util.ReflectionUtils.invokeMethodWithArray(ReflectionUtils.java:189)
	at org.apache.maven.surefire.booter.ProviderFactory$ProviderProxy.invoke(ProviderFactory.java:165)
	at org.apache.maven.surefire.booter.ProviderFactory.invokeProvider(ProviderFactory.java:85)
	at org.apache.maven.surefire.booter.ForkedBooter.runSuitesInProcess(ForkedBooter.java:115)
	at org.apache.maven.surefire.booter.ForkedBooter.main(ForkedBooter.java:75)
... Removed 25 stack frames]]>
    </failure>
  </testcase> <!-- testPositiveScenario -->
</testsuite> <!-- Command line test -->
